2025-02-14 15:42:48 [ERROR] - Unable to load vips; slide processing will be unavailable. Error raised: cannot load library 'libvips.42.dylib': dlopen(libvips.42.dylib, 0x0002): tried: 'libvips.42.dylib' (no such file), '/System/Volumes/Preboot/Cryptexes/OSlibvips.42.dylib' (no such file), '/Users/sheeltanna/opt/anaconda3/envs/datasci/bin/../lib/libvips.42.dylib' (no such file), '/usr/lib/libvips.42.dylib' (no such file, not in dyld cache), 'libvips.42.dylib' (no such file).  Additionally, ctypes.util.find_library() did not manage to locate a library called 'libvips.42.dylib'
2025-02-15 13:27:34 [ERROR] - Unable to load vips; slide processing will be unavailable. Error raised: cannot load library 'libvips.42.dylib': dlopen(libvips.42.dylib, 0x0002): tried: 'libvips.42.dylib' (no such file), '/System/Volumes/Preboot/Cryptexes/OSlibvips.42.dylib' (no such file), '/Users/sheeltanna/opt/anaconda3/envs/datasci/bin/../lib/libvips.42.dylib' (no such file), '/usr/lib/libvips.42.dylib' (no such file, not in dyld cache), 'libvips.42.dylib' (no such file).  Additionally, ctypes.util.find_library() did not manage to locate a library called 'libvips.42.dylib'
2025-02-17 12:51:18 [ERROR] - Unable to load vips; slide processing will be unavailable. Error raised: cannot load library 'libvips.42.dylib': dlopen(libvips.42.dylib, 0x0002): tried: 'libvips.42.dylib' (no such file), '/System/Volumes/Preboot/Cryptexes/OSlibvips.42.dylib' (no such file), '/Users/sheeltanna/opt/anaconda3/envs/datasci/bin/../lib/libvips.42.dylib' (no such file), '/usr/lib/libvips.42.dylib' (no such file, not in dyld cache), 'libvips.42.dylib' (no such file).  Additionally, ctypes.util.find_library() did not manage to locate a library called 'libvips.42.dylib'
2025-02-17 12:52:28 [ERROR] - Unable to load vips; slide processing will be unavailable. Error raised: cannot load library 'libvips.42.dylib': dlopen(libvips.42.dylib, 0x0002): tried: 'libvips.42.dylib' (no such file), '/System/Volumes/Preboot/Cryptexes/OSlibvips.42.dylib' (no such file), '/Users/sheeltanna/opt/anaconda3/envs/datasci/bin/../lib/libvips.42.dylib' (no such file), '/usr/lib/libvips.42.dylib' (no such file, not in dyld cache), 'libvips.42.dylib' (no such file).  Additionally, ctypes.util.find_library() did not manage to locate a library called 'libvips.42.dylib'
2025-02-17 12:56:24 [ERROR] - Unable to load vips; slide processing will be unavailable. Error raised: cannot load library 'libvips.42.dylib': dlopen(libvips.42.dylib, 0x0002): tried: 'libvips.42.dylib' (no such file), '/System/Volumes/Preboot/Cryptexes/OSlibvips.42.dylib' (no such file), '/Users/sheeltanna/opt/anaconda3/envs/datasci/bin/../lib/libvips.42.dylib' (no such file), '/usr/lib/libvips.42.dylib' (no such file, not in dyld cache), 'libvips.42.dylib' (no such file).  Additionally, ctypes.util.find_library() did not manage to locate a library called 'libvips.42.dylib'
2025-02-17 12:59:27 [ERROR] - Unable to load vips; slide processing will be unavailable. Error raised: cannot load library 'libvips.42.dylib': dlopen(libvips.42.dylib, 0x0002): tried: 'libvips.42.dylib' (no such file), '/System/Volumes/Preboot/Cryptexes/OSlibvips.42.dylib' (no such file), '/Users/sheeltanna/opt/anaconda3/envs/datasci/bin/../lib/libvips.42.dylib' (no such file), '/usr/lib/libvips.42.dylib' (no such file, not in dyld cache), 'libvips.42.dylib' (no such file).  Additionally, ctypes.util.find_library() did not manage to locate a library called 'libvips.42.dylib'
2025-02-17 12:59:57 [ERROR] - Unable to load vips; slide processing will be unavailable. Error raised: cannot load library 'libvips.42.dylib': dlopen(libvips.42.dylib, 0x0002): tried: 'libvips.42.dylib' (no such file), '/System/Volumes/Preboot/Cryptexes/OSlibvips.42.dylib' (no such file), '/Users/sheeltanna/opt/anaconda3/envs/datasci/bin/../lib/libvips.42.dylib' (no such file), '/usr/lib/libvips.42.dylib' (no such file, not in dyld cache), 'libvips.42.dylib' (no such file).  Additionally, ctypes.util.find_library() did not manage to locate a library called 'libvips.42.dylib'
2025-02-17 13:01:22 [ERROR] - Unable to load vips; slide processing will be unavailable. Error raised: cannot load library 'libvips.42.dylib': dlopen(libvips.42.dylib, 0x0002): tried: 'libvips.42.dylib' (no such file), '/System/Volumes/Preboot/Cryptexes/OSlibvips.42.dylib' (no such file), '/Users/sheeltanna/opt/anaconda3/envs/datasci/bin/../lib/libvips.42.dylib' (no such file), '/usr/lib/libvips.42.dylib' (no such file, not in dyld cache), 'libvips.42.dylib' (no such file).  Additionally, ctypes.util.find_library() did not manage to locate a library called 'libvips.42.dylib'
2025-02-17 18:30:23 [ERROR] - Unable to load vips; slide processing will be unavailable. Error raised: cannot load library 'libvips.42.dylib': dlopen(libvips.42.dylib, 0x0002): tried: 'libvips.42.dylib' (no such file), '/System/Volumes/Preboot/Cryptexes/OSlibvips.42.dylib' (no such file), '/Users/sheeltanna/opt/anaconda3/envs/datasci/bin/../lib/libvips.42.dylib' (no such file), '/usr/lib/libvips.42.dylib' (no such file, not in dyld cache), 'libvips.42.dylib' (no such file).  Additionally, ctypes.util.find_library() did not manage to locate a library called 'libvips.42.dylib'
2025-02-18 02:19:27 [ERROR] - Unable to load vips; slide processing will be unavailable. Error raised: cannot load library 'libvips.42.dylib': dlopen(libvips.42.dylib, 0x0002): tried: 'libvips.42.dylib' (no such file), '/System/Volumes/Preboot/Cryptexes/OSlibvips.42.dylib' (no such file), '/Users/sheeltanna/miniforge3/envs/cancer_project/bin/../lib/libvips.42.dylib' (no such file), '/usr/lib/libvips.42.dylib' (no such file, not in dyld cache), 'libvips.42.dylib' (no such file).  Additionally, ctypes.util.find_library() did not manage to locate a library called 'libvips.42.dylib'
2025-02-18 02:30:59 [INFO] - No ROI for AG037F (1), using whole slide.
2025-02-18 02:30:59 [DEBUG] - Slide origin: (0, 0)
2025-02-18 02:30:59 [DEBUG] - Set up coordinate grid, shape=(98, 110)
2025-02-18 02:30:59 [DEBUG] - AG037F (1): Slide info: 0.2532 um/px | 0 ROI(s) | Size: 49800 x 55836
2025-02-18 02:30:59 [DEBUG] - AG037F (1): Grid shape: (98, 110) | Tiles to extract: 10780
2025-02-18 02:31:15 [INFO] - No ROI for AG037F (1), using whole slide.
2025-02-18 02:31:15 [DEBUG] - Slide origin: (0, 0)
2025-02-18 02:31:15 [DEBUG] - Set up coordinate grid, shape=(98, 110)
2025-02-18 02:31:15 [DEBUG] - AG037F (1): Slide info: 0.2532 um/px | 0 ROI(s) | Size: 49800 x 55836
2025-02-18 02:31:15 [DEBUG] - AG037F (1): Grid shape: (98, 110) | Tiles to extract: 10780
2025-02-18 02:31:22 [INFO] - No ROI for AG037F (1), using whole slide.
2025-02-18 02:31:22 [DEBUG] - Slide origin: (0, 0)
2025-02-18 02:31:22 [DEBUG] - Set up coordinate grid, shape=(98, 110)
2025-02-18 02:31:22 [DEBUG] - AG037F (1): Slide info: 0.2532 um/px | 0 ROI(s) | Size: 49800 x 55836
2025-02-18 02:31:22 [DEBUG] - AG037F (1): Grid shape: (98, 110) | Tiles to extract: 10780
2025-02-18 02:32:29 [INFO] - No ROI for AG037F (1), using whole slide.
2025-02-18 02:32:29 [DEBUG] - Slide origin: (0, 0)
2025-02-18 02:32:29 [DEBUG] - Set up coordinate grid, shape=(98, 110)
2025-02-18 02:32:29 [DEBUG] - AG037F (1): Slide info: 0.2532 um/px | 0 ROI(s) | Size: 49800 x 55836
2025-02-18 02:32:29 [DEBUG] - AG037F (1): Grid shape: (98, 110) | Tiles to extract: 10780
2025-02-18 02:32:30 [INFO] - No ROI for AG037F (1), using whole slide.
2025-02-18 02:32:30 [DEBUG] - Slide origin: (0, 0)
2025-02-18 02:32:30 [DEBUG] - Set up coordinate grid, shape=(98, 110)
2025-02-18 02:32:30 [DEBUG] - AG037F (1): Slide info: 0.2532 um/px | 0 ROI(s) | Size: 49800 x 55836
2025-02-18 02:32:30 [DEBUG] - AG037F (1): Grid shape: (98, 110) | Tiles to extract: 10780
2025-02-18 02:32:50 [INFO] - No ROI for AG037F (1), using whole slide.
2025-02-18 02:32:50 [DEBUG] - Slide origin: (0, 0)
2025-02-18 02:32:50 [DEBUG] - Set up coordinate grid, shape=(98, 110)
2025-02-18 02:32:50 [DEBUG] - AG037F (1): Slide info: 0.2532 um/px | 0 ROI(s) | Size: 49800 x 55836
2025-02-18 02:32:50 [DEBUG] - AG037F (1): Grid shape: (98, 110) | Tiles to extract: 10780
2025-02-18 02:33:45 [DEBUG] - Loaded ROIs from /Users/sheeltanna/Cancer_Project_2025/Cancer_Project_2025/AG037F.csv
2025-02-18 02:33:45 [DEBUG] - Slide AG037F: extracting tiles from inside ROI.
2025-02-18 02:33:45 [DEBUG] - Slide origin: (0, 0)
2025-02-18 02:33:45 [DEBUG] - Set up coordinate grid, shape=(98, 110)
2025-02-18 02:33:45 [DEBUG] - AG037F: Slide info: 0.2532 um/px | 12 ROI(s) | Size: 49800 x 55836
2025-02-18 02:33:45 [DEBUG] - AG037F: Grid shape: (98, 110) | Tiles to extract: 461
2025-02-18 02:35:15 [DEBUG] - Loaded ROIs from /Users/sheeltanna/Cancer_Project_2025/Cancer_Project_2025/AG037F.csv
2025-02-18 02:35:15 [DEBUG] - Slide AG037F: extracting tiles from inside ROI.
2025-02-18 02:35:15 [DEBUG] - Slide origin: (0, 0)
2025-02-18 02:35:15 [DEBUG] - Set up coordinate grid, shape=(98, 110)
2025-02-18 02:35:15 [DEBUG] - AG037F: Slide info: 0.2532 um/px | 12 ROI(s) | Size: 49800 x 55836
2025-02-18 02:35:15 [DEBUG] - AG037F: Grid shape: (98, 110) | Tiles to extract: 461
2025-02-18 02:35:33 [DEBUG] - Loaded ROIs from /Users/sheeltanna/Cancer_Project_2025/Cancer_Project_2025/AG037F.csv
2025-02-18 02:35:33 [DEBUG] - Slide AG037F: extracting tiles from inside ROI.
2025-02-18 02:35:33 [DEBUG] - Slide origin: (0, 0)
2025-02-18 02:35:33 [DEBUG] - Set up coordinate grid, shape=(98, 110)
2025-02-18 02:35:33 [DEBUG] - AG037F: Slide info: 0.2532 um/px | 12 ROI(s) | Size: 49800 x 55836
2025-02-18 02:35:33 [DEBUG] - AG037F: Grid shape: (98, 110) | Tiles to extract: 461
2025-02-19 00:26:08 [DEBUG] - Loaded ROIs from /Users/sheeltanna/Cancer_Project_2025/Cancer_Project_2025/AG037F.csv
2025-02-19 00:26:08 [DEBUG] - Slide AG037F: extracting tiles from inside ROI.
2025-02-19 00:26:08 [DEBUG] - Slide origin: (0, 0)
2025-02-19 00:26:08 [DEBUG] - Set up coordinate grid, shape=(98, 110)
2025-02-19 00:26:08 [DEBUG] - AG037F: Slide info: 0.2532 um/px | 12 ROI(s) | Size: 49800 x 55836
2025-02-19 00:26:08 [DEBUG] - AG037F: Grid shape: (98, 110) | Tiles to extract: 461
2025-02-20 23:01:13 [DEBUG] - Loaded ROIs from /Users/sheeltanna/Cancer_Project_2025/Cancer_Project_2025/AG037F.csv
2025-02-20 23:01:13 [DEBUG] - Slide AG037F: extracting tiles from inside ROI.
2025-02-20 23:01:13 [DEBUG] - Slide origin: (0, 0)
2025-02-20 23:01:13 [DEBUG] - Set up coordinate grid, shape=(98, 110)
2025-02-20 23:01:13 [DEBUG] - AG037F: Slide info: 0.2532 um/px | 12 ROI(s) | Size: 49800 x 55836
2025-02-20 23:01:13 [DEBUG] - AG037F: Grid shape: (98, 110) | Tiles to extract: 461
2025-02-20 23:02:37 [DEBUG] - Loaded ROIs from /Users/sheeltanna/Cancer_Project_2025/Cancer_Project_2025/AG037F.csv
2025-02-20 23:02:37 [DEBUG] - Slide AG037F: extracting tiles from inside ROI.
2025-02-20 23:02:37 [DEBUG] - Slide origin: (0, 0)
2025-02-20 23:02:37 [DEBUG] - Set up coordinate grid, shape=(98, 110)
2025-02-20 23:02:37 [DEBUG] - AG037F: Slide info: 0.2532 um/px | 12 ROI(s) | Size: 49800 x 55836
2025-02-20 23:02:37 [DEBUG] - AG037F: Grid shape: (98, 110) | Tiles to extract: 461
2025-02-27 15:40:22 [DEBUG] - Loaded ROIs from /Users/sheeltanna/Cancer_Project_2025/Cancer_Project_2025/AG037F.csv
2025-02-27 15:40:22 [DEBUG] - Slide AG037F: extracting tiles from inside ROI.
2025-02-27 15:40:22 [DEBUG] - Slide origin: (0, 0)
2025-02-27 15:40:22 [DEBUG] - Set up coordinate grid, shape=(98, 110)
2025-02-27 15:40:22 [DEBUG] - AG037F: Slide info: 0.2532 um/px | 12 ROI(s) | Size: 49800 x 55836
2025-02-27 15:40:22 [DEBUG] - AG037F: Grid shape: (98, 110) | Tiles to extract: 461
2025-02-27 22:24:41 [DEBUG] - Loaded ROIs from /Users/sheeltanna/Cancer_Project_2025/Cancer_Project_2025/AG037F.csv
2025-02-27 22:24:41 [DEBUG] - Slide AG037F: extracting tiles from inside ROI.
2025-02-27 22:24:41 [DEBUG] - Slide origin: (0, 0)
2025-02-27 22:24:41 [DEBUG] - Set up coordinate grid, shape=(98, 110)
2025-02-27 22:24:41 [DEBUG] - AG037F: Slide info: 0.2532 um/px | 12 ROI(s) | Size: 49800 x 55836
2025-02-27 22:24:41 [DEBUG] - AG037F: Grid shape: (98, 110) | Tiles to extract: 461
2025-02-28 10:43:21 [DEBUG] - Loaded ROIs from /Users/sheeltanna/Cancer_Project_2025/Cancer_Project_2025/AG037F.csv
2025-02-28 10:43:21 [DEBUG] - Slide AG037F: extracting tiles from inside ROI.
2025-02-28 10:43:21 [DEBUG] - Slide origin: (0, 0)
2025-02-28 10:43:21 [DEBUG] - Set up coordinate grid, shape=(98, 110)
2025-02-28 10:43:21 [DEBUG] - AG037F: Slide info: 0.2532 um/px | 12 ROI(s) | Size: 49800 x 55836
2025-02-28 10:43:21 [DEBUG] - AG037F: Grid shape: (98, 110) | Tiles to extract: 461
2025-03-06 00:53:13 [DEBUG] - Loaded ROIs from /home/joeychan/labshare/PROJECTS/PDCD10/rois/grayson/AF102F.csv
2025-03-06 00:53:13 [DEBUG] - Slide AF102F: extracting tiles from inside ROI.
2025-03-06 00:53:13 [DEBUG] - Slide origin: (0, 0)
2025-03-06 00:53:13 [DEBUG] - Set up coordinate grid, shape=(98, 97)
2025-03-06 00:53:13 [DEBUG] - AF102F: Slide info: 0.2532 um/px | 9 ROI(s) | Size: 49800 x 49329
2025-03-06 00:53:13 [DEBUG] - AF102F: Grid shape: (98, 97) | Tiles to extract: 353
2025-03-06 00:58:03 [DEBUG] - Loaded ROIs from /home/joeychan/labshare/PROJECTS/PDCD10/rois/grayson/AF102F.csv
2025-03-06 00:58:03 [DEBUG] - Slide AF102F: extracting tiles from inside ROI.
2025-03-06 00:58:03 [DEBUG] - Slide origin: (0, 0)
2025-03-06 00:58:03 [DEBUG] - Set up coordinate grid, shape=(98, 97)
2025-03-06 00:58:03 [DEBUG] - AF102F: Slide info: 0.2532 um/px | 9 ROI(s) | Size: 49800 x 49329
2025-03-06 00:58:03 [DEBUG] - AF102F: Grid shape: (98, 97) | Tiles to extract: 353
2025-03-06 00:59:30 [DEBUG] - Loaded ROIs from /home/joeychan/labshare/PROJECTS/PDCD10/rois/grayson/AF102F.csv
2025-03-06 00:59:30 [DEBUG] - Slide AF102F: extracting tiles from inside ROI.
2025-03-06 00:59:30 [DEBUG] - Slide origin: (0, 0)
2025-03-06 00:59:30 [DEBUG] - Set up coordinate grid, shape=(98, 97)
2025-03-06 00:59:30 [DEBUG] - AF102F: Slide info: 0.2532 um/px | 9 ROI(s) | Size: 49800 x 49329
2025-03-06 00:59:30 [DEBUG] - AF102F: Grid shape: (98, 97) | Tiles to extract: 353
2025-03-06 01:02:22 [DEBUG] - Loaded ROIs from /home/joeychan/labshare/PROJECTS/PDCD10/rois/grayson/AF102F.csv
2025-03-06 01:02:22 [DEBUG] - Slide AF102F: extracting tiles from inside ROI.
2025-03-06 01:02:22 [DEBUG] - Slide origin: (0, 0)
2025-03-06 01:02:23 [DEBUG] - Set up coordinate grid, shape=(98, 97)
2025-03-06 01:02:23 [DEBUG] - AF102F: Slide info: 0.2532 um/px | 9 ROI(s) | Size: 49800 x 49329
2025-03-06 01:02:23 [DEBUG] - AF102F: Grid shape: (98, 97) | Tiles to extract: 353
2025-03-06 01:04:55 [DEBUG] - Loaded ROIs from /home/joeychan/labshare/PROJECTS/PDCD10/rois/grayson/AF102F.csv
2025-03-06 01:04:55 [DEBUG] - Slide AF102F: extracting tiles from inside ROI.
2025-03-06 01:04:55 [DEBUG] - Slide origin: (0, 0)
2025-03-06 01:04:55 [DEBUG] - Set up coordinate grid, shape=(98, 97)
2025-03-06 01:04:55 [DEBUG] - AF102F: Slide info: 0.2532 um/px | 9 ROI(s) | Size: 49800 x 49329
2025-03-06 01:04:55 [DEBUG] - AF102F: Grid shape: (98, 97) | Tiles to extract: 353
2025-03-06 01:04:55 [INFO] - No ROI for AF102F, using whole slide.
2025-03-06 01:04:55 [DEBUG] - Slide origin: (0, 0)
2025-03-06 01:04:55 [DEBUG] - Set up coordinate grid, shape=(98, 97)
2025-03-06 01:04:55 [DEBUG] - AF102F: Slide info: 0.2532 um/px | 0 ROI(s) | Size: 49800 x 49329
2025-03-06 01:04:55 [DEBUG] - AF102F: Grid shape: (98, 97) | Tiles to extract: 9506
2025-03-06 01:04:55 [DEBUG] - Requesting thumbnail at level=3, width=1024
2025-03-06 01:04:55 [DEBUG] - Requesting thumbnail at level=3, width=1024
2025-03-06 01:05:40 [DEBUG] - Requesting thumbnail at level=3, width=1024
2025-03-06 01:10:02 [DEBUG] - Requesting thumbnail at level=3, width=1024
2025-03-06 01:10:42 [DEBUG] - Requesting thumbnail at level=3, width=1024
2025-03-06 01:12:07 [DEBUG] - Requesting thumbnail at level=3, width=1024
2025-03-06 01:13:50 [DEBUG] - Loaded ROIs from /home/joeychan/labshare/PROJECTS/PDCD10/rois/grayson/AF102F.csv
2025-03-06 01:13:50 [DEBUG] - Slide AF102F: extracting tiles from inside ROI.
2025-03-06 01:13:50 [DEBUG] - Slide origin: (0, 0)
2025-03-06 01:13:50 [DEBUG] - Set up coordinate grid, shape=(98, 97)
2025-03-06 01:13:50 [DEBUG] - AF102F: Slide info: 0.2532 um/px | 9 ROI(s) | Size: 49800 x 49329
2025-03-06 01:13:50 [DEBUG] - AF102F: Grid shape: (98, 97) | Tiles to extract: 353
2025-03-06 01:13:53 [DEBUG] - Requesting thumbnail at level=3, width=1024
2025-03-06 01:21:46 [DEBUG] - Requesting thumbnail at level=3, width=1024
2025-03-06 01:23:27 [DEBUG] - Requesting thumbnail at level=3, width=1024
2025-03-06 01:23:27 [DEBUG] - Requesting thumbnail at level=3, width=1024
2025-03-06 01:23:32 [DEBUG] - Requesting thumbnail at level=3, width=1024
2025-03-06 01:23:36 [DEBUG] - Requesting thumbnail at level=3, width=1024
2025-03-06 01:28:11 [DEBUG] - Loaded ROIs from /home/joeychan/labshare/PROJECTS/PDCD10/rois/grayson/AF102F.csv
2025-03-06 01:28:11 [DEBUG] - Slide AF102F: extracting tiles from inside ROI.
2025-03-06 01:28:11 [DEBUG] - Slide origin: (0, 0)
2025-03-06 01:28:11 [DEBUG] - Set up coordinate grid, shape=(98, 97)
2025-03-06 01:28:11 [DEBUG] - AF102F: Slide info: 0.2532 um/px | 9 ROI(s) | Size: 49800 x 49329
2025-03-06 01:28:11 [DEBUG] - AF102F: Grid shape: (98, 97) | Tiles to extract: 353
2025-03-06 01:28:11 [DEBUG] - Loaded ROIs from /home/joeychan/labshare/PROJECTS/PDCD10/rois/anna/AF102F.csv
2025-03-06 01:28:11 [DEBUG] - Slide AF102F: extracting tiles from inside ROI.
2025-03-06 01:28:11 [DEBUG] - Slide origin: (0, 0)
2025-03-06 01:28:11 [DEBUG] - Set up coordinate grid, shape=(98, 97)
2025-03-06 01:28:11 [DEBUG] - AF102F: Slide info: 0.2532 um/px | 12 ROI(s) | Size: 49800 x 49329
2025-03-06 01:28:11 [DEBUG] - AF102F: Grid shape: (98, 97) | Tiles to extract: 353
2025-03-06 01:30:37 [DEBUG] - Requesting thumbnail at level=3, width=1024
2025-03-06 01:30:37 [DEBUG] - Requesting thumbnail at level=3, width=1024
2025-03-06 01:39:35 [DEBUG] - Requesting thumbnail at level=3, width=1024
2025-03-06 01:39:35 [DEBUG] - Requesting thumbnail at level=3, width=1024
